<?xml version="1.0" encoding="UTF-8"?>
<!-- Generated by org.testng.reporters.JUnitReportReporter -->
<testsuite hostname="Akshay" failures="0" tests="3" name="akshayy.tests.SubmitOrderTest" time="15.683" errors="0" timestamp="2024-08-24T16:38:57 IST" skipped="0">
  <testcase classname="akshayy.tests.SubmitOrderTest" name="SubmitOrder" time="5.362"/>
  <testcase classname="akshayy.tests.SubmitOrderTest" name="OrderHistoryTest" time="2.307"/>
  <testcase classname="akshayy.tests.SubmitOrderTest" name="SubmitOrder" time="8.014"/>
</testsuite> <!-- akshayy.tests.SubmitOrderTest -->
