<?xml version="1.0" encoding="UTF-8"?>
<!-- Generated by org.testng.reporters.JUnitReportReporter -->
<testsuite hostname="Akshay" failures="0" tests="1" name="akshayy.tests.ErrorValidations" time="2.605" errors="0" timestamp="2024-08-10T17:57:34 IST" skipped="0">
  <testcase classname="akshayy.tests.ErrorValidations" name="SubmitOrder" time="2.605"/>
</testsuite> <!-- akshayy.tests.ErrorValidations -->
