<?xml version="1.0" encoding="UTF-8"?>
<!-- Generated by org.testng.reporters.JUnitReportReporter -->
<testsuite hostname="Akshay" failures="0" tests="1" name="cucumber.TestNGTestRunner" time="7.502" errors="0" timestamp="2024-09-08T10:53:54 IST" skipped="0">
  <testcase classname="cucumber.TestNGTestRunner" name="runScenario" time="7.502"/>
</testsuite> <!-- cucumber.TestNGTestRunner -->
