<?xml version="1.0" encoding="UTF-8"?>
<!-- Generated by org.testng.reporters.JUnitReportReporter -->
<testsuite hostname="Akshay" failures="0" tests="3" name="akshayy.tests.SubmitOrderTest" time="14.731" errors="0" timestamp="2024-09-07T17:26:07 IST" skipped="0">
  <testcase classname="akshayy.tests.SubmitOrderTest" name="SubmitOrder" time="4.878"/>
  <testcase classname="akshayy.tests.SubmitOrderTest" name="OrderHistoryTest" time="4.482"/>
  <testcase classname="akshayy.tests.SubmitOrderTest" name="SubmitOrder" time="5.371"/>
</testsuite> <!-- akshayy.tests.SubmitOrderTest -->
