<?xml version="1.0" encoding="UTF-8"?>
<!-- Generated by org.testng.reporters.JUnitReportReporter -->
<testsuite hostname="Akshay" failures="0" tests="2" name="akshayy.tests.ErrorValidationsTest" time="10.507" errors="0" timestamp="2024-09-07T17:26:07 IST" skipped="0">
  <testcase classname="akshayy.tests.ErrorValidationsTest" name="ProductErrorValidation" time="4.639"/>
  <testcase classname="akshayy.tests.ErrorValidationsTest" name="LoginErrrorValidation" time="5.868"/>
</testsuite> <!-- akshayy.tests.ErrorValidationsTest -->
